[debug] [2022-11-18T20:22:44.035Z] ----------------------------------------------------------------------
[debug] [2022-11-18T20:22:44.037Z] Command:       C:\Program Files\nodejs\node.exe C:\Users\schei\AppData\Roaming\npm\node_modules\firebase-tools\lib\bin\firebase.js deploy
[debug] [2022-11-18T20:22:44.037Z] CLI Version:   11.16.0
[debug] [2022-11-18T20:22:44.037Z] Platform:      win32
[debug] [2022-11-18T20:22:44.037Z] Node Version:  v16.17.1
[debug] [2022-11-18T20:22:44.038Z] Time:          Fri Nov 18 2022 15:22:44 GMT-0500 (Eastern Standard Time)
[debug] [2022-11-18T20:22:44.039Z] ----------------------------------------------------------------------
[debug] 
[debug] [2022-11-18T20:22:44.100Z] > command requires scopes: ["email","openid","https://www.googleapis.com/auth/cloudplatformprojects.readonly","https://www.googleapis.com/auth/firebase","https://www.googleapis.com/auth/cloud-platform"]
[debug] [2022-11-18T20:22:44.100Z] > authorizing via signed-in user (scheiterlem@gmail.com)
[debug] [2022-11-18T20:22:44.100Z] [iam] checking project astralis-academy for permissions ["cloudfunctions.functions.create","cloudfunctions.functions.delete","cloudfunctions.functions.get","cloudfunctions.functions.list","cloudfunctions.functions.update","cloudfunctions.operations.get","datastore.indexes.create","datastore.indexes.delete","datastore.indexes.list","datastore.indexes.update","firebase.projects.get","firebasehosting.sites.update","firebaserules.releases.create","firebaserules.releases.update","firebaserules.rulesets.create"]
[debug] [2022-11-18T20:22:44.102Z] >>> [apiv2][query] POST https://cloudresourcemanager.googleapis.com/v1/projects/astralis-academy:testIamPermissions [none]
[debug] [2022-11-18T20:22:44.102Z] >>> [apiv2][(partial)header] POST https://cloudresourcemanager.googleapis.com/v1/projects/astralis-academy:testIamPermissions x-goog-quota-user=projects/astralis-academy
[debug] [2022-11-18T20:22:44.102Z] >>> [apiv2][body] POST https://cloudresourcemanager.googleapis.com/v1/projects/astralis-academy:testIamPermissions {"permissions":["cloudfunctions.functions.create","cloudfunctions.functions.delete","cloudfunctions.functions.get","cloudfunctions.functions.list","cloudfunctions.functions.update","cloudfunctions.operations.get","datastore.indexes.create","datastore.indexes.delete","datastore.indexes.list","datastore.indexes.update","firebase.projects.get","firebasehosting.sites.update","firebaserules.releases.create","firebaserules.releases.update","firebaserules.rulesets.create"]}
[debug] [2022-11-18T20:22:44.242Z] <<< [apiv2][status] POST https://cloudresourcemanager.googleapis.com/v1/projects/astralis-academy:testIamPermissions 200
[debug] [2022-11-18T20:22:44.242Z] <<< [apiv2][body] POST https://cloudresourcemanager.googleapis.com/v1/projects/astralis-academy:testIamPermissions {"permissions":["cloudfunctions.functions.create","cloudfunctions.functions.delete","cloudfunctions.functions.get","cloudfunctions.functions.list","cloudfunctions.functions.update","cloudfunctions.operations.get","datastore.indexes.create","datastore.indexes.delete","datastore.indexes.list","datastore.indexes.update","firebase.projects.get","firebasehosting.sites.update","firebaserules.releases.create","firebaserules.releases.update","firebaserules.rulesets.create"]}
[debug] [2022-11-18T20:22:44.243Z] >>> [apiv2][query] POST https://iam.googleapis.com/v1/projects/astralis-academy/serviceAccounts/astralis-academy@appspot.gserviceaccount.com:testIamPermissions [none]
[debug] [2022-11-18T20:22:44.243Z] >>> [apiv2][body] POST https://iam.googleapis.com/v1/projects/astralis-academy/serviceAccounts/astralis-academy@appspot.gserviceaccount.com:testIamPermissions {"permissions":["iam.serviceAccounts.actAs"]}
[debug] [2022-11-18T20:22:44.346Z] <<< [apiv2][status] POST https://iam.googleapis.com/v1/projects/astralis-academy/serviceAccounts/astralis-academy@appspot.gserviceaccount.com:testIamPermissions 200
[debug] [2022-11-18T20:22:44.347Z] <<< [apiv2][body] POST https://iam.googleapis.com/v1/projects/astralis-academy/serviceAccounts/astralis-academy@appspot.gserviceaccount.com:testIamPermissions {"permissions":["iam.serviceAccounts.actAs"]}
[debug] [2022-11-18T20:22:44.347Z] >>> [apiv2][query] GET https://firebase.googleapis.com/v1beta1/projects/astralis-academy [none]
[debug] [2022-11-18T20:22:44.655Z] <<< [apiv2][status] GET https://firebase.googleapis.com/v1beta1/projects/astralis-academy 200
[debug] [2022-11-18T20:22:44.655Z] <<< [apiv2][body] GET https://firebase.googleapis.com/v1beta1/projects/astralis-academy {"projectId":"astralis-academy","projectNumber":"410767902208","displayName":"astralis-academy","name":"projects/astralis-academy","resources":{"hostingSite":"astralis-academy","realtimeDatabaseInstance":"astralis-academy-default-rtdb","storageBucket":"astralis-academy.appspot.com","locationId":"us-central"},"state":"ACTIVE","etag":"1_ab1a0e7e-9d2b-45b1-ad4a-3c3a9b4f5de3"}
[info] 
[info] === Deploying to 'astralis-academy'...
[info] 
[info] i  deploying storage, firestore, functions, hosting 
[info] Running command: npm --prefix "$RESOURCE_DIR" run lint
[info] +  functions: Finished running predeploy script. 
[debug] [2022-11-18T20:22:46.375Z] >>> [apiv2][query] GET https://appengine.googleapis.com/v1/apps/astralis-academy [none]
[debug] [2022-11-18T20:22:46.602Z] <<< [apiv2][status] GET https://appengine.googleapis.com/v1/apps/astralis-academy 200
[debug] [2022-11-18T20:22:46.602Z] <<< [apiv2][body] GET https://appengine.googleapis.com/v1/apps/astralis-academy {"name":"apps/astralis-academy","id":"astralis-academy","authDomain":"gmail.com","locationId":"us-central","codeBucket":"staging.astralis-academy.appspot.com","servingStatus":"SERVING","defaultHostname":"astralis-academy.uc.r.appspot.com","defaultBucket":"astralis-academy.appspot.com","serviceAccount":"astralis-academy@appspot.gserviceaccount.com","gcrDomain":"us.gcr.io","databaseType":"CLOUD_FIRESTORE","featureSettings":{"splitHealthChecks":true,"useContainerOptimizedOs":true}}
[info] i  firebase.storage: checking storage.rules for compilation errors... 
[debug] [2022-11-18T20:22:46.603Z] >>> [apiv2][query] POST https://firebaserules.googleapis.com/v1/projects/astralis-academy:test [none]
[debug] [2022-11-18T20:22:46.603Z] >>> [apiv2][body] POST https://firebaserules.googleapis.com/v1/projects/astralis-academy:test [omitted]
[debug] [2022-11-18T20:22:46.900Z] <<< [apiv2][status] POST https://firebaserules.googleapis.com/v1/projects/astralis-academy:test 200
[debug] [2022-11-18T20:22:46.900Z] <<< [apiv2][body] POST https://firebaserules.googleapis.com/v1/projects/astralis-academy:test {}
[info] +  firebase.storage: rules file storage.rules compiled successfully 
[info] i  firestore: reading indexes from firestore.indexes.json... 
[info] i  cloud.firestore: checking firestore.rules for compilation errors... 
[debug] [2022-11-18T20:22:46.903Z] >>> [apiv2][query] POST https://firebaserules.googleapis.com/v1/projects/astralis-academy:test [none]
[debug] [2022-11-18T20:22:46.903Z] >>> [apiv2][body] POST https://firebaserules.googleapis.com/v1/projects/astralis-academy:test [omitted]
[debug] [2022-11-18T20:22:47.077Z] <<< [apiv2][status] POST https://firebaserules.googleapis.com/v1/projects/astralis-academy:test 200
[debug] [2022-11-18T20:22:47.077Z] <<< [apiv2][body] POST https://firebaserules.googleapis.com/v1/projects/astralis-academy:test {}
[info] +  cloud.firestore: rules file firestore.rules compiled successfully 
[debug] [2022-11-18T20:22:47.079Z] >>> [apiv2][query] GET https://firebase.googleapis.com/v1beta1/projects/astralis-academy [none]
[debug] [2022-11-18T20:22:47.370Z] <<< [apiv2][status] GET https://firebase.googleapis.com/v1beta1/projects/astralis-academy 200
[debug] [2022-11-18T20:22:47.370Z] <<< [apiv2][body] GET https://firebase.googleapis.com/v1beta1/projects/astralis-academy {"projectId":"astralis-academy","projectNumber":"410767902208","displayName":"astralis-academy","name":"projects/astralis-academy","resources":{"hostingSite":"astralis-academy","realtimeDatabaseInstance":"astralis-academy-default-rtdb","storageBucket":"astralis-academy.appspot.com","locationId":"us-central"},"state":"ACTIVE","etag":"1_ab1a0e7e-9d2b-45b1-ad4a-3c3a9b4f5de3"}
[info] i  functions: ensuring required API cloudfunctions.googleapis.com is enabled... 
[info] i  functions: ensuring required API cloudbuild.googleapis.com is enabled... 
[info] i  artifactregistry: ensuring required API artifactregistry.googleapis.com is enabled... 
[debug] [2022-11-18T20:22:47.372Z] >>> [apiv2][query] GET https://serviceusage.googleapis.com/v1/projects/astralis-academy/services/cloudfunctions.googleapis.com [none]
[debug] [2022-11-18T20:22:47.373Z] >>> [apiv2][(partial)header] GET https://serviceusage.googleapis.com/v1/projects/astralis-academy/services/cloudfunctions.googleapis.com x-goog-quota-user=projects/astralis-academy
[debug] [2022-11-18T20:22:47.373Z] >>> [apiv2][query] GET https://serviceusage.googleapis.com/v1/projects/astralis-academy/services/runtimeconfig.googleapis.com [none]
[debug] [2022-11-18T20:22:47.373Z] >>> [apiv2][(partial)header] GET https://serviceusage.googleapis.com/v1/projects/astralis-academy/services/runtimeconfig.googleapis.com x-goog-quota-user=projects/astralis-academy
[debug] [2022-11-18T20:22:47.374Z] >>> [apiv2][query] GET https://serviceusage.googleapis.com/v1/projects/astralis-academy/services/cloudbuild.googleapis.com [none]
[debug] [2022-11-18T20:22:47.374Z] >>> [apiv2][(partial)header] GET https://serviceusage.googleapis.com/v1/projects/astralis-academy/services/cloudbuild.googleapis.com x-goog-quota-user=projects/astralis-academy
[debug] [2022-11-18T20:22:47.375Z] >>> [apiv2][query] GET https://serviceusage.googleapis.com/v1/projects/astralis-academy/services/artifactregistry.googleapis.com [none]
[debug] [2022-11-18T20:22:47.375Z] >>> [apiv2][(partial)header] GET https://serviceusage.googleapis.com/v1/projects/astralis-academy/services/artifactregistry.googleapis.com x-goog-quota-user=projects/astralis-academy
[debug] [2022-11-18T20:22:47.757Z] <<< [apiv2][status] GET https://serviceusage.googleapis.com/v1/projects/astralis-academy/services/runtimeconfig.googleapis.com 200
[debug] [2022-11-18T20:22:47.757Z] <<< [apiv2][body] GET https://serviceusage.googleapis.com/v1/projects/astralis-academy/services/runtimeconfig.googleapis.com [omitted]
[debug] [2022-11-18T20:22:47.758Z] <<< [apiv2][status] GET https://serviceusage.googleapis.com/v1/projects/astralis-academy/services/artifactregistry.googleapis.com 200
[debug] [2022-11-18T20:22:47.758Z] <<< [apiv2][body] GET https://serviceusage.googleapis.com/v1/projects/astralis-academy/services/artifactregistry.googleapis.com [omitted]
[warn] !  artifactregistry: missing required API artifactregistry.googleapis.com. Enabling now... 
[debug] [2022-11-18T20:22:47.759Z] >>> [apiv2][query] POST https://serviceusage.googleapis.com/v1/projects/astralis-academy/services/artifactregistry.googleapis.com:enable [none]
[debug] [2022-11-18T20:22:47.759Z] >>> [apiv2][(partial)header] POST https://serviceusage.googleapis.com/v1/projects/astralis-academy/services/artifactregistry.googleapis.com:enable x-goog-quota-user=projects/astralis-academy
[debug] [2022-11-18T20:22:47.787Z] <<< [apiv2][status] GET https://serviceusage.googleapis.com/v1/projects/astralis-academy/services/cloudbuild.googleapis.com 200
[debug] [2022-11-18T20:22:47.787Z] <<< [apiv2][body] GET https://serviceusage.googleapis.com/v1/projects/astralis-academy/services/cloudbuild.googleapis.com [omitted]
[warn] !  functions: missing required API cloudbuild.googleapis.com. Enabling now... 
[debug] [2022-11-18T20:22:47.787Z] >>> [apiv2][query] POST https://serviceusage.googleapis.com/v1/projects/astralis-academy/services/cloudbuild.googleapis.com:enable [none]
[debug] [2022-11-18T20:22:47.787Z] >>> [apiv2][(partial)header] POST https://serviceusage.googleapis.com/v1/projects/astralis-academy/services/cloudbuild.googleapis.com:enable x-goog-quota-user=projects/astralis-academy
[debug] [2022-11-18T20:22:47.887Z] <<< [apiv2][status] GET https://serviceusage.googleapis.com/v1/projects/astralis-academy/services/cloudfunctions.googleapis.com 200
[debug] [2022-11-18T20:22:47.887Z] <<< [apiv2][body] GET https://serviceusage.googleapis.com/v1/projects/astralis-academy/services/cloudfunctions.googleapis.com [omitted]
[info] +  functions: required API cloudfunctions.googleapis.com is enabled 
[debug] [2022-11-18T20:22:48.917Z] <<< [apiv2][status] POST https://serviceusage.googleapis.com/v1/projects/astralis-academy/services/artifactregistry.googleapis.com:enable 200
[debug] [2022-11-18T20:22:48.917Z] <<< [apiv2][body] POST https://serviceusage.googleapis.com/v1/projects/astralis-academy/services/artifactregistry.googleapis.com:enable [omitted]
[debug] [2022-11-18T20:22:48.966Z] <<< [apiv2][status] POST https://serviceusage.googleapis.com/v1/projects/astralis-academy/services/cloudbuild.googleapis.com:enable 200
[debug] [2022-11-18T20:22:48.966Z] <<< [apiv2][body] POST https://serviceusage.googleapis.com/v1/projects/astralis-academy/services/cloudbuild.googleapis.com:enable [omitted]
[debug] [2022-11-18T20:22:58.924Z] >>> [apiv2][query] GET https://serviceusage.googleapis.com/v1/projects/astralis-academy/services/artifactregistry.googleapis.com [none]
[debug] [2022-11-18T20:22:58.925Z] >>> [apiv2][(partial)header] GET https://serviceusage.googleapis.com/v1/projects/astralis-academy/services/artifactregistry.googleapis.com x-goog-quota-user=projects/astralis-academy
[debug] [2022-11-18T20:22:58.969Z] >>> [apiv2][query] GET https://serviceusage.googleapis.com/v1/projects/astralis-academy/services/cloudbuild.googleapis.com [none]
[debug] [2022-11-18T20:22:58.969Z] >>> [apiv2][(partial)header] GET https://serviceusage.googleapis.com/v1/projects/astralis-academy/services/cloudbuild.googleapis.com x-goog-quota-user=projects/astralis-academy
[debug] [2022-11-18T20:22:59.239Z] <<< [apiv2][status] GET https://serviceusage.googleapis.com/v1/projects/astralis-academy/services/cloudbuild.googleapis.com 200
[debug] [2022-11-18T20:22:59.239Z] <<< [apiv2][body] GET https://serviceusage.googleapis.com/v1/projects/astralis-academy/services/cloudbuild.googleapis.com [omitted]
[info] i  functions: waiting for API cloudbuild.googleapis.com to activate... 
[debug] [2022-11-18T20:22:59.289Z] <<< [apiv2][status] GET https://serviceusage.googleapis.com/v1/projects/astralis-academy/services/artifactregistry.googleapis.com 200
[debug] [2022-11-18T20:22:59.289Z] <<< [apiv2][body] GET https://serviceusage.googleapis.com/v1/projects/astralis-academy/services/artifactregistry.googleapis.com [omitted]
[info] +  artifactregistry: required API artifactregistry.googleapis.com is enabled 
[debug] [2022-11-18T20:23:09.245Z] >>> [apiv2][query] GET https://serviceusage.googleapis.com/v1/projects/astralis-academy/services/cloudbuild.googleapis.com [none]
[debug] [2022-11-18T20:23:09.245Z] >>> [apiv2][(partial)header] GET https://serviceusage.googleapis.com/v1/projects/astralis-academy/services/cloudbuild.googleapis.com x-goog-quota-user=projects/astralis-academy
[debug] [2022-11-18T20:23:09.661Z] <<< [apiv2][status] GET https://serviceusage.googleapis.com/v1/projects/astralis-academy/services/cloudbuild.googleapis.com 200
[debug] [2022-11-18T20:23:09.661Z] <<< [apiv2][body] GET https://serviceusage.googleapis.com/v1/projects/astralis-academy/services/cloudbuild.googleapis.com [omitted]
[info] +  functions: required API cloudbuild.googleapis.com is enabled 
[debug] [2022-11-18T20:23:09.664Z] >>> [apiv2][query] GET https://firebase.googleapis.com/v1beta1/projects/astralis-academy/adminSdkConfig [none]
[debug] [2022-11-18T20:23:09.965Z] <<< [apiv2][status] GET https://firebase.googleapis.com/v1beta1/projects/astralis-academy/adminSdkConfig 200
[debug] [2022-11-18T20:23:09.965Z] <<< [apiv2][body] GET https://firebase.googleapis.com/v1beta1/projects/astralis-academy/adminSdkConfig {"projectId":"astralis-academy","databaseURL":"https://astralis-academy-default-rtdb.firebaseio.com","storageBucket":"astralis-academy.appspot.com","locationId":"us-central"}
[debug] [2022-11-18T20:23:09.966Z] >>> [apiv2][query] GET https://runtimeconfig.googleapis.com/v1beta1/projects/astralis-academy/configs [none]
[debug] [2022-11-18T20:23:10.171Z] <<< [apiv2][status] GET https://runtimeconfig.googleapis.com/v1beta1/projects/astralis-academy/configs 200
[debug] [2022-11-18T20:23:10.171Z] <<< [apiv2][body] GET https://runtimeconfig.googleapis.com/v1beta1/projects/astralis-academy/configs {}
[info] i  functions: preparing codebase default for deployment 
[debug] [2022-11-18T20:23:10.173Z] Validating nodejs source
[warn] !  functions: package.json indicates an outdated version of firebase-functions. Please upgrade using npm install --save firebase-functions@latest in your functions directory. 
[warn] !  functions: Please note that there will be breaking changes when you upgrade. 
[debug] [2022-11-18T20:23:13.122Z] > [functions] package.json contents: {
  "name": "functions",
  "description": "Cloud Functions for Firebase",
  "scripts": {
    "lint": "eslint .",
    "serve": "firebase emulators:start --only functions",
    "shell": "firebase functions:shell",
    "start": "npm run shell",
    "deploy": "firebase deploy --only functions",
    "logs": "firebase functions:log"
  },
  "engines": {
    "node": "16"
  },
  "main": "index.js",
  "dependencies": {
    "firebase-admin": "^10.0.2",
    "firebase-functions": "^3.18.0"
  },
  "devDependencies": {
    "eslint": "^8.9.0",
    "eslint-config-google": "^0.14.0",
    "firebase-functions-test": "^0.2.0"
  },
  "private": true
}
[debug] [2022-11-18T20:23:13.123Z] Building nodejs source
[debug] [2022-11-18T20:23:13.124Z] Could not find functions.yaml. Must use http discovery
[debug] [2022-11-18T20:23:13.379Z] Serving at port 9005

[debug] [2022-11-18T20:23:13.446Z] Got response from /__/functions.yaml {"endpoints":{"helloWorld":{"platform":"gcfv1","httpsTrigger":{},"entryPoint":"helloWorld"}},"specVersion":"v1alpha1","requiredAPIs":[]}
[debug] [2022-11-18T20:23:13.453Z] shutdown requested via /__/quitquitquit

[info] i  functions: preparing functions directory for uploading... 
[info] i  functions: packaged C:\Users\schei\OneDrive\Desktop\Projects\Software\JavaScript\astralis-academy\functions (75.19 KB) for uploading 
[debug] [2022-11-18T20:23:13.500Z] >>> [apiv2][query] GET https://cloudfunctions.googleapis.com/v1/projects/astralis-academy/locations/-/functions [none]
[debug] [2022-11-18T20:23:14.029Z] <<< [apiv2][status] GET https://cloudfunctions.googleapis.com/v1/projects/astralis-academy/locations/-/functions 200
[debug] [2022-11-18T20:23:14.029Z] <<< [apiv2][body] GET https://cloudfunctions.googleapis.com/v1/projects/astralis-academy/locations/-/functions {}
[debug] [2022-11-18T20:23:14.030Z] >>> [apiv2][query] GET https://cloudfunctions.googleapis.com/v2/projects/astralis-academy/locations/-/functions filter=environment%3D%22GEN_2%22
[debug] [2022-11-18T20:23:14.562Z] <<< [apiv2][status] GET https://cloudfunctions.googleapis.com/v2/projects/astralis-academy/locations/-/functions 200
[debug] [2022-11-18T20:23:14.562Z] <<< [apiv2][body] GET https://cloudfunctions.googleapis.com/v2/projects/astralis-academy/locations/-/functions {}
[debug] [2022-11-18T20:23:14.566Z] >>> [apiv2][query] GET https://firebase.googleapis.com/v1beta1/projects/astralis-academy [none]
[debug] [2022-11-18T20:23:14.861Z] <<< [apiv2][status] GET https://firebase.googleapis.com/v1beta1/projects/astralis-academy 200
[debug] [2022-11-18T20:23:14.861Z] <<< [apiv2][body] GET https://firebase.googleapis.com/v1beta1/projects/astralis-academy {"projectId":"astralis-academy","projectNumber":"410767902208","displayName":"astralis-academy","name":"projects/astralis-academy","resources":{"hostingSite":"astralis-academy","realtimeDatabaseInstance":"astralis-academy-default-rtdb","storageBucket":"astralis-academy.appspot.com","locationId":"us-central"},"state":"ACTIVE","etag":"1_ab1a0e7e-9d2b-45b1-ad4a-3c3a9b4f5de3"}
[debug] [2022-11-18T20:23:14.864Z] >>> [apiv2][query] POST https://firebasehosting.googleapis.com/v1beta1/projects/-/sites/astralis-academy/versions [none]
[debug] [2022-11-18T20:23:14.864Z] >>> [apiv2][body] POST https://firebasehosting.googleapis.com/v1beta1/projects/-/sites/astralis-academy/versions {"status":"CREATED","labels":{"deployment-tool":"cli-firebase"}}
[debug] [2022-11-18T20:23:15.996Z] <<< [apiv2][status] POST https://firebasehosting.googleapis.com/v1beta1/projects/-/sites/astralis-academy/versions 200
[debug] [2022-11-18T20:23:15.996Z] <<< [apiv2][body] POST https://firebasehosting.googleapis.com/v1beta1/projects/-/sites/astralis-academy/versions {"name":"projects/410767902208/sites/astralis-academy/versions/bf9f762a578aa829","status":"CREATED","config":{},"labels":{"deployment-tool":"cli-firebase"}}
[debug] [2022-11-18T20:23:15.996Z] >>> [apiv2][query] GET https://firebaserules.googleapis.com/v1/projects/astralis-academy/releases pageSize=10&pageToken=
[debug] [2022-11-18T20:23:16.177Z] <<< [apiv2][status] GET https://firebaserules.googleapis.com/v1/projects/astralis-academy/releases 200
[debug] [2022-11-18T20:23:16.177Z] <<< [apiv2][body] GET https://firebaserules.googleapis.com/v1/projects/astralis-academy/releases {"releases":[{"name":"projects/astralis-academy/releases/cloud.firestore","rulesetName":"projects/astralis-academy/rulesets/1f26b3e1-6c06-4aa3-8fa3-46fb3db874a6","createTime":"2022-11-16T23:51:02.242567Z","updateTime":"2022-11-16T23:51:02.242567Z"},{"name":"projects/astralis-academy/releases/firebase.storage/astralis-academy.appspot.com","rulesetName":"projects/astralis-academy/rulesets/452687db-770a-49e7-90c8-c395633ddbe3","createTime":"2022-11-17T01:18:07.257881Z","updateTime":"2022-11-17T01:18:07.257881Z"}]}
[debug] [2022-11-18T20:23:16.186Z] >>> [apiv2][query] GET https://firebaserules.googleapis.com/v1/projects/astralis-academy/rulesets/452687db-770a-49e7-90c8-c395633ddbe3 [none]
[debug] [2022-11-18T20:23:16.333Z] <<< [apiv2][status] GET https://firebaserules.googleapis.com/v1/projects/astralis-academy/rulesets/452687db-770a-49e7-90c8-c395633ddbe3 200
[debug] [2022-11-18T20:23:16.333Z] <<< [apiv2][body] GET https://firebaserules.googleapis.com/v1/projects/astralis-academy/rulesets/452687db-770a-49e7-90c8-c395633ddbe3 [omitted]
[info] i  storage: uploading rules storage.rules... 
[debug] [2022-11-18T20:23:16.334Z] >>> [apiv2][query] POST https://firebaserules.googleapis.com/v1/projects/astralis-academy/rulesets [none]
[debug] [2022-11-18T20:23:16.334Z] >>> [apiv2][body] POST https://firebaserules.googleapis.com/v1/projects/astralis-academy/rulesets [omitted]
[debug] [2022-11-18T20:23:16.706Z] <<< [apiv2][status] POST https://firebaserules.googleapis.com/v1/projects/astralis-academy/rulesets 200
[debug] [2022-11-18T20:23:16.706Z] <<< [apiv2][body] POST https://firebaserules.googleapis.com/v1/projects/astralis-academy/rulesets {"name":"projects/astralis-academy/rulesets/6c2a1a98-ccbb-44d3-9ebb-cfc8331d6fba","source":{"files":[{"content":"rules_version = '2';\nservice firebase.storage {\n  match /b/{bucket}/o {\n    match /{allPaths=**} {\n      allow read, write: if false;\n    }\n  }\n}\n","name":"storage.rules"}]},"createTime":"2022-11-18T20:23:16.548479Z","metadata":{"services":["firebase.storage"]}}
[debug] [2022-11-18T20:23:16.706Z] [rules] created ruleset projects/astralis-academy/rulesets/6c2a1a98-ccbb-44d3-9ebb-cfc8331d6fba
[debug] [2022-11-18T20:23:16.707Z] >>> [apiv2][query] GET https://firebaserules.googleapis.com/v1/projects/astralis-academy/releases pageSize=10&pageToken=
[debug] [2022-11-18T20:23:16.707Z] >>> [apiv2][query] GET https://firestore.googleapis.com/v1/projects/astralis-academy/databases/(default)/collectionGroups/-/indexes [none]
[debug] [2022-11-18T20:23:16.914Z] <<< [apiv2][status] GET https://firebaserules.googleapis.com/v1/projects/astralis-academy/releases 200
[debug] [2022-11-18T20:23:16.914Z] <<< [apiv2][body] GET https://firebaserules.googleapis.com/v1/projects/astralis-academy/releases {"releases":[{"name":"projects/astralis-academy/releases/cloud.firestore","rulesetName":"projects/astralis-academy/rulesets/1f26b3e1-6c06-4aa3-8fa3-46fb3db874a6","createTime":"2022-11-16T23:51:02.242567Z","updateTime":"2022-11-16T23:51:02.242567Z"},{"name":"projects/astralis-academy/releases/firebase.storage/astralis-academy.appspot.com","rulesetName":"projects/astralis-academy/rulesets/452687db-770a-49e7-90c8-c395633ddbe3","createTime":"2022-11-17T01:18:07.257881Z","updateTime":"2022-11-17T01:18:07.257881Z"}]}
[debug] [2022-11-18T20:23:16.914Z] >>> [apiv2][query] GET https://firebaserules.googleapis.com/v1/projects/astralis-academy/rulesets/1f26b3e1-6c06-4aa3-8fa3-46fb3db874a6 [none]
[debug] [2022-11-18T20:23:17.026Z] <<< [apiv2][status] GET https://firestore.googleapis.com/v1/projects/astralis-academy/databases/(default)/collectionGroups/-/indexes 200
[debug] [2022-11-18T20:23:17.026Z] <<< [apiv2][body] GET https://firestore.googleapis.com/v1/projects/astralis-academy/databases/(default)/collectionGroups/-/indexes {}
[debug] [2022-11-18T20:23:17.026Z] >>> [apiv2][query] GET https://firestore.googleapis.com/v1/projects/astralis-academy/databases/(default)/collectionGroups/-/fields?filter=indexConfig.usesAncestorConfig=false [none]
[debug] [2022-11-18T20:23:17.109Z] <<< [apiv2][status] GET https://firebaserules.googleapis.com/v1/projects/astralis-academy/rulesets/1f26b3e1-6c06-4aa3-8fa3-46fb3db874a6 200
[debug] [2022-11-18T20:23:17.109Z] <<< [apiv2][body] GET https://firebaserules.googleapis.com/v1/projects/astralis-academy/rulesets/1f26b3e1-6c06-4aa3-8fa3-46fb3db874a6 [omitted]
[info] i  firestore: latest version of firestore.rules already up to date, skipping upload... 
[debug] [2022-11-18T20:23:17.296Z] <<< [apiv2][status] GET https://firestore.googleapis.com/v1/projects/astralis-academy/databases/(default)/collectionGroups/-/fields?filter=indexConfig.usesAncestorConfig=false 200
[debug] [2022-11-18T20:23:17.296Z] <<< [apiv2][body] GET https://firestore.googleapis.com/v1/projects/astralis-academy/databases/(default)/collectionGroups/-/fields?filter=indexConfig.usesAncestorConfig=false {"fields":[{"name":"projects/astralis-academy/databases/(default)/collectionGroups/__default__/fields/*","indexConfig":{"indexes":[{"queryScope":"COLLECTION","fields":[{"fieldPath":"*","order":"ASCENDING"}],"state":"READY"},{"queryScope":"COLLECTION","fields":[{"fieldPath":"*","order":"DESCENDING"}],"state":"READY"},{"queryScope":"COLLECTION","fields":[{"fieldPath":"*","arrayConfig":"CONTAINS"}],"state":"READY"}]}}]}
[info] +  firestore: deployed indexes in firestore.indexes.json successfully 
[debug] [2022-11-18T20:23:17.297Z] [functions] found 1 new HTTP functions, testing setIamPolicy permission...
[debug] [2022-11-18T20:23:17.298Z] >>> [apiv2][query] POST https://cloudresourcemanager.googleapis.com/v1/projects/astralis-academy:testIamPermissions [none]
[debug] [2022-11-18T20:23:17.298Z] >>> [apiv2][(partial)header] POST https://cloudresourcemanager.googleapis.com/v1/projects/astralis-academy:testIamPermissions x-goog-quota-user=projects/astralis-academy
[debug] [2022-11-18T20:23:17.298Z] >>> [apiv2][body] POST https://cloudresourcemanager.googleapis.com/v1/projects/astralis-academy:testIamPermissions {"permissions":["cloudfunctions.functions.setIamPolicy"]}
[debug] [2022-11-18T20:23:17.415Z] <<< [apiv2][status] POST https://cloudresourcemanager.googleapis.com/v1/projects/astralis-academy:testIamPermissions 200
[debug] [2022-11-18T20:23:17.416Z] <<< [apiv2][body] POST https://cloudresourcemanager.googleapis.com/v1/projects/astralis-academy:testIamPermissions {"permissions":["cloudfunctions.functions.setIamPolicy"]}
[debug] [2022-11-18T20:23:17.416Z] [functions] found setIamPolicy permission, proceeding with deploy
[debug] [2022-11-18T20:23:17.416Z] >>> [apiv2][query] POST https://cloudfunctions.googleapis.com/v1/projects/astralis-academy/locations/us-central1/functions:generateUploadUrl [none]
[debug] [2022-11-18T20:23:17.416Z] >>> [apiv2][body] POST https://cloudfunctions.googleapis.com/v1/projects/astralis-academy/locations/us-central1/functions:generateUploadUrl {}
[debug] [2022-11-18T20:23:28.731Z] <<< [apiv2][status] POST https://cloudfunctions.googleapis.com/v1/projects/astralis-academy/locations/us-central1/functions:generateUploadUrl 200
[debug] [2022-11-18T20:23:28.731Z] <<< [apiv2][body] POST https://cloudfunctions.googleapis.com/v1/projects/astralis-academy/locations/us-central1/functions:generateUploadUrl {"uploadUrl":"https://storage.googleapis.com/uploads-238188850851.us-central1.cloudfunctions.appspot.com/2f17a61c-cf81-4bc3-a17d-0f46591542ae.zip?GoogleAccessId=service-410767902208@gcf-admin-robot.iam.gserviceaccount.com&Expires=1668804808&Signature=Hqu%2FlV%2B%2BlZC%2B47MwNsgYWo%2FqAL4iMh8Cf3Z1gXDCOlXivWjPjGBN%2BbiSZbdOKe9PEKIdMGyoiQu1BEzWDGD7tM2AsKFlprHFcWQ26g0ELJ2PljYxJ0DusQXpOHpXBFJjGiUBuYP2FGUDrr%2F0xlOxmdkRjvK35dxZJf2vfTDfxAsRAHHGnkaoC3wOYI4Q3do8j7TQk43at8xH0uBEvgIc4RHTZISOFfZR5BL7dCLlSBdfn1k0XeVfFSgRyEbAlZpcL3P%2BLFU4L9bMk9pYkRB76CYdKWGQxFMZdJYCqk6PCLWOOZ1zGZDteqCkimGMmEIgCa%2FyRiwXSFZxbUwPnWoY2A%3D%3D"}
[debug] [2022-11-18T20:23:28.731Z] >>> [apiv2][query] PUT https://storage.googleapis.com/uploads-238188850851.us-central1.cloudfunctions.appspot.com/2f17a61c-cf81-4bc3-a17d-0f46591542ae.zip GoogleAccessId=service-410767902208%40gcf-admin-robot.iam.gserviceaccount.com&Expires=1668804808&Signature=Hqu%2FlV%2B%2BlZC%2B47MwNsgYWo%2FqAL4iMh8Cf3Z1gXDCOlXivWjPjGBN%2BbiSZbdOKe9PEKIdMGyoiQu1BEzWDGD7tM2AsKFlprHFcWQ26g0ELJ2PljYxJ0DusQXpOHpXBFJjGiUBuYP2FGUDrr%2F0xlOxmdkRjvK35dxZJf2vfTDfxAsRAHHGnkaoC3wOYI4Q3do8j7TQk43at8xH0uBEvgIc4RHTZISOFfZR5BL7dCLlSBdfn1k0XeVfFSgRyEbAlZpcL3P%2BLFU4L9bMk9pYkRB76CYdKWGQxFMZdJYCqk6PCLWOOZ1zGZDteqCkimGMmEIgCa%2FyRiwXSFZxbUwPnWoY2A%3D%3D
[debug] [2022-11-18T20:23:28.731Z] >>> [apiv2][body] PUT https://storage.googleapis.com/uploads-238188850851.us-central1.cloudfunctions.appspot.com/2f17a61c-cf81-4bc3-a17d-0f46591542ae.zip [stream]
[debug] [2022-11-18T20:23:29.055Z] <<< [apiv2][status] PUT https://storage.googleapis.com/uploads-238188850851.us-central1.cloudfunctions.appspot.com/2f17a61c-cf81-4bc3-a17d-0f46591542ae.zip 200
[debug] [2022-11-18T20:23:29.055Z] <<< [apiv2][body] PUT https://storage.googleapis.com/uploads-238188850851.us-central1.cloudfunctions.appspot.com/2f17a61c-cf81-4bc3-a17d-0f46591542ae.zip [omitted]
[info] +  functions: functions folder uploaded successfully 
[info] i  hosting[astralis-academy]: beginning deploy... 
[info] i  hosting[astralis-academy]: found 7 files in public 
[debug] [2022-11-18T20:23:29.061Z] [hosting] uploading with 200 concurrency
[debug] [2022-11-18T20:23:29.062Z] [hosting] hash cache [cHVibGlj] not populated
[debug] [2022-11-18T20:23:29.072Z] [hosting] hash cache [cHVibGlj] stored for 7 files
[debug] [2022-11-18T20:23:29.073Z] [hosting][hash queue][FINAL] {"max":4,"min":3,"avg":3.4285714285714284,"active":0,"complete":7,"success":7,"errored":0,"retried":0,"total":7,"elapsed":8}
[debug] [2022-11-18T20:23:29.073Z] >>> [apiv2][query] POST https://firebasehosting.googleapis.com/v1beta1/projects/410767902208/sites/astralis-academy/versions/bf9f762a578aa829:populateFiles [none]
[debug] [2022-11-18T20:23:29.073Z] >>> [apiv2][body] POST https://firebasehosting.googleapis.com/v1beta1/projects/410767902208/sites/astralis-academy/versions/bf9f762a578aa829:populateFiles {"files":{"/404.html":"daa499dd96d8229e73235345702ba32f0793f0c8e5c0d30e40e37a5872be57aa","/favicon.ico":"eae62e993eb980ec8a25058c39d5a51feab118bd2100c4deebb2a9c158ec11f9","/index.html":"8edcbcb163a40d6f92cbb9d0d09c098f989e05234686b2fbcc85c84bd7e8abb3","/robots.txt":"bfe106a3fb878dc83461c86818bf74fc1bdc7f28538ba613cd3e775516ce8b49","/logo192.png":"3ee59515172ee198f3be375979df15ac5345183e656720a381b8872b2a39dc8b","/manifest.json":"aff3449bdc238776f5d6d967f19ec491b36aed5fb7f23ccff6500736fd58494a","/logo512.png":"ee7e2f3fdb8209c4b6fd7bef6ba50d1b9dba30a25bb5c3126df057e1cb6f5331"}}
[debug] [2022-11-18T20:23:29.550Z] <<< [apiv2][status] POST https://firebasehosting.googleapis.com/v1beta1/projects/410767902208/sites/astralis-academy/versions/bf9f762a578aa829:populateFiles 200
[debug] [2022-11-18T20:23:29.550Z] <<< [apiv2][body] POST https://firebasehosting.googleapis.com/v1beta1/projects/410767902208/sites/astralis-academy/versions/bf9f762a578aa829:populateFiles {"uploadRequiredHashes":["3ee59515172ee198f3be375979df15ac5345183e656720a381b8872b2a39dc8b","aff3449bdc238776f5d6d967f19ec491b36aed5fb7f23ccff6500736fd58494a","ee7e2f3fdb8209c4b6fd7bef6ba50d1b9dba30a25bb5c3126df057e1cb6f5331","daa499dd96d8229e73235345702ba32f0793f0c8e5c0d30e40e37a5872be57aa","eae62e993eb980ec8a25058c39d5a51feab118bd2100c4deebb2a9c158ec11f9","8edcbcb163a40d6f92cbb9d0d09c098f989e05234686b2fbcc85c84bd7e8abb3","bfe106a3fb878dc83461c86818bf74fc1bdc7f28538ba613cd3e775516ce8b49"],"uploadUrl":"https://upload-firebasehosting.googleapis.com/upload/sites/astralis-academy/versions/bf9f762a578aa829/files"}
[debug] [2022-11-18T20:23:29.551Z] >>> [apiv2][query] POST https://upload-firebasehosting.googleapis.com/upload/sites/astralis-academy/versions/bf9f762a578aa829/files/3ee59515172ee198f3be375979df15ac5345183e656720a381b8872b2a39dc8b [none]
[debug] [2022-11-18T20:23:29.551Z] >>> [apiv2][body] POST https://upload-firebasehosting.googleapis.com/upload/sites/astralis-academy/versions/bf9f762a578aa829/files/3ee59515172ee198f3be375979df15ac5345183e656720a381b8872b2a39dc8b [stream]
[debug] [2022-11-18T20:23:29.554Z] >>> [apiv2][query] POST https://upload-firebasehosting.googleapis.com/upload/sites/astralis-academy/versions/bf9f762a578aa829/files/aff3449bdc238776f5d6d967f19ec491b36aed5fb7f23ccff6500736fd58494a [none]
[debug] [2022-11-18T20:23:29.554Z] >>> [apiv2][body] POST https://upload-firebasehosting.googleapis.com/upload/sites/astralis-academy/versions/bf9f762a578aa829/files/aff3449bdc238776f5d6d967f19ec491b36aed5fb7f23ccff6500736fd58494a [stream]
[debug] [2022-11-18T20:23:29.554Z] >>> [apiv2][query] POST https://upload-firebasehosting.googleapis.com/upload/sites/astralis-academy/versions/bf9f762a578aa829/files/ee7e2f3fdb8209c4b6fd7bef6ba50d1b9dba30a25bb5c3126df057e1cb6f5331 [none]
[debug] [2022-11-18T20:23:29.554Z] >>> [apiv2][body] POST https://upload-firebasehosting.googleapis.com/upload/sites/astralis-academy/versions/bf9f762a578aa829/files/ee7e2f3fdb8209c4b6fd7bef6ba50d1b9dba30a25bb5c3126df057e1cb6f5331 [stream]
[debug] [2022-11-18T20:23:29.555Z] >>> [apiv2][query] POST https://upload-firebasehosting.googleapis.com/upload/sites/astralis-academy/versions/bf9f762a578aa829/files/daa499dd96d8229e73235345702ba32f0793f0c8e5c0d30e40e37a5872be57aa [none]
[debug] [2022-11-18T20:23:29.555Z] >>> [apiv2][body] POST https://upload-firebasehosting.googleapis.com/upload/sites/astralis-academy/versions/bf9f762a578aa829/files/daa499dd96d8229e73235345702ba32f0793f0c8e5c0d30e40e37a5872be57aa [stream]
[debug] [2022-11-18T20:23:29.556Z] >>> [apiv2][query] POST https://upload-firebasehosting.googleapis.com/upload/sites/astralis-academy/versions/bf9f762a578aa829/files/eae62e993eb980ec8a25058c39d5a51feab118bd2100c4deebb2a9c158ec11f9 [none]
[debug] [2022-11-18T20:23:29.556Z] >>> [apiv2][body] POST https://upload-firebasehosting.googleapis.com/upload/sites/astralis-academy/versions/bf9f762a578aa829/files/eae62e993eb980ec8a25058c39d5a51feab118bd2100c4deebb2a9c158ec11f9 [stream]
[debug] [2022-11-18T20:23:29.556Z] >>> [apiv2][query] POST https://upload-firebasehosting.googleapis.com/upload/sites/astralis-academy/versions/bf9f762a578aa829/files/8edcbcb163a40d6f92cbb9d0d09c098f989e05234686b2fbcc85c84bd7e8abb3 [none]
[debug] [2022-11-18T20:23:29.556Z] >>> [apiv2][body] POST https://upload-firebasehosting.googleapis.com/upload/sites/astralis-academy/versions/bf9f762a578aa829/files/8edcbcb163a40d6f92cbb9d0d09c098f989e05234686b2fbcc85c84bd7e8abb3 [stream]
[debug] [2022-11-18T20:23:29.557Z] >>> [apiv2][query] POST https://upload-firebasehosting.googleapis.com/upload/sites/astralis-academy/versions/bf9f762a578aa829/files/bfe106a3fb878dc83461c86818bf74fc1bdc7f28538ba613cd3e775516ce8b49 [none]
[debug] [2022-11-18T20:23:29.557Z] >>> [apiv2][body] POST https://upload-firebasehosting.googleapis.com/upload/sites/astralis-academy/versions/bf9f762a578aa829/files/bfe106a3fb878dc83461c86818bf74fc1bdc7f28538ba613cd3e775516ce8b49 [stream]
[debug] [2022-11-18T20:23:29.557Z] [hosting][populate queue][FINAL] {"max":481,"min":481,"avg":481,"active":0,"complete":1,"success":1,"errored":0,"retried":0,"total":1,"elapsed":487}
[debug] [2022-11-18T20:23:29.557Z] [hosting] uploads queued: 7
[debug] [2022-11-18T20:23:29.994Z] <<< [apiv2][status] POST https://upload-firebasehosting.googleapis.com/upload/sites/astralis-academy/versions/bf9f762a578aa829/files/ee7e2f3fdb8209c4b6fd7bef6ba50d1b9dba30a25bb5c3126df057e1cb6f5331 200
[debug] [2022-11-18T20:23:29.994Z] <<< [apiv2][body] POST https://upload-firebasehosting.googleapis.com/upload/sites/astralis-academy/versions/bf9f762a578aa829/files/ee7e2f3fdb8209c4b6fd7bef6ba50d1b9dba30a25bb5c3126df057e1cb6f5331 [stream]
[debug] [2022-11-18T20:23:30.011Z] <<< [apiv2][status] POST https://upload-firebasehosting.googleapis.com/upload/sites/astralis-academy/versions/bf9f762a578aa829/files/eae62e993eb980ec8a25058c39d5a51feab118bd2100c4deebb2a9c158ec11f9 200
[debug] [2022-11-18T20:23:30.011Z] <<< [apiv2][body] POST https://upload-firebasehosting.googleapis.com/upload/sites/astralis-academy/versions/bf9f762a578aa829/files/eae62e993eb980ec8a25058c39d5a51feab118bd2100c4deebb2a9c158ec11f9 [stream]
[debug] [2022-11-18T20:23:30.043Z] <<< [apiv2][status] POST https://upload-firebasehosting.googleapis.com/upload/sites/astralis-academy/versions/bf9f762a578aa829/files/aff3449bdc238776f5d6d967f19ec491b36aed5fb7f23ccff6500736fd58494a 200
[debug] [2022-11-18T20:23:30.043Z] <<< [apiv2][body] POST https://upload-firebasehosting.googleapis.com/upload/sites/astralis-academy/versions/bf9f762a578aa829/files/aff3449bdc238776f5d6d967f19ec491b36aed5fb7f23ccff6500736fd58494a [stream]
[debug] [2022-11-18T20:23:30.043Z] <<< [apiv2][status] POST https://upload-firebasehosting.googleapis.com/upload/sites/astralis-academy/versions/bf9f762a578aa829/files/bfe106a3fb878dc83461c86818bf74fc1bdc7f28538ba613cd3e775516ce8b49 200
[debug] [2022-11-18T20:23:30.043Z] <<< [apiv2][body] POST https://upload-firebasehosting.googleapis.com/upload/sites/astralis-academy/versions/bf9f762a578aa829/files/bfe106a3fb878dc83461c86818bf74fc1bdc7f28538ba613cd3e775516ce8b49 [stream]
[debug] [2022-11-18T20:23:30.070Z] <<< [apiv2][status] POST https://upload-firebasehosting.googleapis.com/upload/sites/astralis-academy/versions/bf9f762a578aa829/files/3ee59515172ee198f3be375979df15ac5345183e656720a381b8872b2a39dc8b 200
[debug] [2022-11-18T20:23:30.070Z] <<< [apiv2][body] POST https://upload-firebasehosting.googleapis.com/upload/sites/astralis-academy/versions/bf9f762a578aa829/files/3ee59515172ee198f3be375979df15ac5345183e656720a381b8872b2a39dc8b [stream]
[debug] [2022-11-18T20:23:30.071Z] <<< [apiv2][status] POST https://upload-firebasehosting.googleapis.com/upload/sites/astralis-academy/versions/bf9f762a578aa829/files/8edcbcb163a40d6f92cbb9d0d09c098f989e05234686b2fbcc85c84bd7e8abb3 200
[debug] [2022-11-18T20:23:30.071Z] <<< [apiv2][body] POST https://upload-firebasehosting.googleapis.com/upload/sites/astralis-academy/versions/bf9f762a578aa829/files/8edcbcb163a40d6f92cbb9d0d09c098f989e05234686b2fbcc85c84bd7e8abb3 [stream]
[debug] [2022-11-18T20:23:30.074Z] <<< [apiv2][status] POST https://upload-firebasehosting.googleapis.com/upload/sites/astralis-academy/versions/bf9f762a578aa829/files/daa499dd96d8229e73235345702ba32f0793f0c8e5c0d30e40e37a5872be57aa 200
[debug] [2022-11-18T20:23:30.074Z] <<< [apiv2][body] POST https://upload-firebasehosting.googleapis.com/upload/sites/astralis-academy/versions/bf9f762a578aa829/files/daa499dd96d8229e73235345702ba32f0793f0c8e5c0d30e40e37a5872be57aa [stream]
[debug] [2022-11-18T20:23:30.075Z] [hosting][upload queue][FINAL] {"max":523,"min":443,"avg":492.85714285714283,"active":0,"complete":7,"success":7,"errored":0,"retried":0,"total":7,"elapsed":525}
[info] +  hosting[astralis-academy]: file upload complete 
[debug] [2022-11-18T20:23:30.075Z] [hosting] deploy completed after 1018ms
[debug] [2022-11-18T20:23:30.077Z] [rules] releasing firebase.storage/astralis-academy.appspot.com with ruleset projects/astralis-academy/rulesets/6c2a1a98-ccbb-44d3-9ebb-cfc8331d6fba
[debug] [2022-11-18T20:23:30.078Z] >>> [apiv2][query] PATCH https://firebaserules.googleapis.com/v1/projects/astralis-academy/releases/firebase.storage/astralis-academy.appspot.com [none]
[debug] [2022-11-18T20:23:30.078Z] >>> [apiv2][body] PATCH https://firebaserules.googleapis.com/v1/projects/astralis-academy/releases/firebase.storage/astralis-academy.appspot.com {"release":{"name":"projects/astralis-academy/releases/firebase.storage/astralis-academy.appspot.com","rulesetName":"projects/astralis-academy/rulesets/6c2a1a98-ccbb-44d3-9ebb-cfc8331d6fba"}}
[debug] [2022-11-18T20:23:30.457Z] <<< [apiv2][status] PATCH https://firebaserules.googleapis.com/v1/projects/astralis-academy/releases/firebase.storage/astralis-academy.appspot.com 200
[debug] [2022-11-18T20:23:30.458Z] <<< [apiv2][body] PATCH https://firebaserules.googleapis.com/v1/projects/astralis-academy/releases/firebase.storage/astralis-academy.appspot.com {"name":"projects/astralis-academy/releases/firebase.storage/astralis-academy.appspot.com","rulesetName":"projects/astralis-academy/rulesets/6c2a1a98-ccbb-44d3-9ebb-cfc8331d6fba","createTime":"2022-11-17T01:18:07.257881Z","updateTime":"2022-11-18T20:23:30.299713Z"}
[debug] [2022-11-18T20:23:30.458Z] [rules] updated release projects/astralis-academy/releases/firebase.storage/astralis-academy.appspot.com
[info] +  storage: released rules storage.rules to firebase.storage 
[debug] [2022-11-18T20:23:30.458Z] [rules] releasing cloud.firestore with ruleset projects/astralis-academy/rulesets/1f26b3e1-6c06-4aa3-8fa3-46fb3db874a6
[debug] [2022-11-18T20:23:30.458Z] >>> [apiv2][query] PATCH https://firebaserules.googleapis.com/v1/projects/astralis-academy/releases/cloud.firestore [none]
[debug] [2022-11-18T20:23:30.458Z] >>> [apiv2][body] PATCH https://firebaserules.googleapis.com/v1/projects/astralis-academy/releases/cloud.firestore {"release":{"name":"projects/astralis-academy/releases/cloud.firestore","rulesetName":"projects/astralis-academy/rulesets/1f26b3e1-6c06-4aa3-8fa3-46fb3db874a6"}}
[debug] [2022-11-18T20:23:30.769Z] <<< [apiv2][status] PATCH https://firebaserules.googleapis.com/v1/projects/astralis-academy/releases/cloud.firestore 200
[debug] [2022-11-18T20:23:30.769Z] <<< [apiv2][body] PATCH https://firebaserules.googleapis.com/v1/projects/astralis-academy/releases/cloud.firestore {"name":"projects/astralis-academy/releases/cloud.firestore","rulesetName":"projects/astralis-academy/rulesets/1f26b3e1-6c06-4aa3-8fa3-46fb3db874a6","createTime":"2022-11-16T23:51:02.242567Z","updateTime":"2022-11-18T20:23:30.610211Z"}
[debug] [2022-11-18T20:23:30.770Z] [rules] updated release projects/astralis-academy/releases/cloud.firestore
[info] +  firestore: released rules firestore.rules to cloud.firestore 
[info] i  functions: creating Node.js 16 function helloWorld(us-central1)... 
[debug] [2022-11-18T20:23:30.773Z] >>> [apiv2][query] POST https://cloudfunctions.googleapis.com/v1/projects/astralis-academy/locations/us-central1/functions [none]
[debug] [2022-11-18T20:23:30.773Z] >>> [apiv2][body] POST https://cloudfunctions.googleapis.com/v1/projects/astralis-academy/locations/us-central1/functions {"name":"projects/astralis-academy/locations/us-central1/functions/helloWorld","sourceUploadUrl":"https://storage.googleapis.com/uploads-238188850851.us-central1.cloudfunctions.appspot.com/2f17a61c-cf81-4bc3-a17d-0f46591542ae.zip?GoogleAccessId=service-410767902208@gcf-admin-robot.iam.gserviceaccount.com&Expires=1668804808&Signature=Hqu%2FlV%2B%2BlZC%2B47MwNsgYWo%2FqAL4iMh8Cf3Z1gXDCOlXivWjPjGBN%2BbiSZbdOKe9PEKIdMGyoiQu1BEzWDGD7tM2AsKFlprHFcWQ26g0ELJ2PljYxJ0DusQXpOHpXBFJjGiUBuYP2FGUDrr%2F0xlOxmdkRjvK35dxZJf2vfTDfxAsRAHHGnkaoC3wOYI4Q3do8j7TQk43at8xH0uBEvgIc4RHTZISOFfZR5BL7dCLlSBdfn1k0XeVfFSgRyEbAlZpcL3P%2BLFU4L9bMk9pYkRB76CYdKWGQxFMZdJYCqk6PCLWOOZ1zGZDteqCkimGMmEIgCa%2FyRiwXSFZxbUwPnWoY2A%3D%3D","entryPoint":"helloWorld","runtime":"nodejs16","dockerRegistry":"ARTIFACT_REGISTRY","labels":{"deployment-tool":"cli-firebase","firebase-functions-hash":"07fcd708a2b34969cd32bcb169041e563da8d46d"},"httpsTrigger":{"securityLevel":"SECURE_ALWAYS"},"environmentVariables":{"FIREBASE_CONFIG":"{\"projectId\":\"astralis-academy\",\"databaseURL\":\"https://astralis-academy-default-rtdb.firebaseio.com\",\"storageBucket\":\"astralis-academy.appspot.com\",\"locationId\":\"us-central\"}","GCLOUD_PROJECT":"astralis-academy","EVENTARC_CLOUD_EVENT_SOURCE":"projects/astralis-academy/locations/us-central1/functions/helloWorld"}}
[debug] [2022-11-18T20:23:31.048Z] <<< [apiv2][status] POST https://cloudfunctions.googleapis.com/v1/projects/astralis-academy/locations/us-central1/functions 403
[debug] [2022-11-18T20:23:31.048Z] <<< [apiv2][body] POST https://cloudfunctions.googleapis.com/v1/projects/astralis-academy/locations/us-central1/functions {"error":{"code":403,"message":"Unable to retrieve the repository metadata for projects/astralis-academy/locations/us-central1/repositories/gcf-artifacts. Ensure that the Cloud Functions service account has 'artifactregistry.repositories.list' and 'artifactregistry.repositories.get' permissions. You can add the permissions by granting the role 'roles/artifactregistry.reader'.","status":"PERMISSION_DENIED"}}
[warn] !  functions: failed to create function projects/astralis-academy/locations/us-central1/functions/helloWorld 
[error] Failed to create function projects/astralis-academy/locations/us-central1/functions/helloWorld
[debug] [2022-11-18T20:23:31.053Z] Total Function Deployment time: 278
[debug] [2022-11-18T20:23:31.053Z] 1 Functions Deployed
[debug] [2022-11-18T20:23:31.053Z] 1 Functions Errored
[debug] [2022-11-18T20:23:31.053Z] 0 Function Deployments Aborted
[debug] [2022-11-18T20:23:31.053Z] Average Function Deployment time: 277
[info] 
[info] Functions deploy had errors with the following functions:
	helloWorld(us-central1)
[debug] [2022-11-18T20:23:31.138Z] Not printing URL for HTTPS function. Typically this means it didn't match a filter or we failed deployment
[info] i  functions: cleaning up build files... 
[debug] [2022-11-18T20:23:31.139Z] >>> [apiv2][query] DELETE https://artifactregistry.googleapis.com/v1beta2/projects/astralis-academy/locations/us-central1/repositories/gcf-artifacts/packages/hello_world [none]
[debug] [2022-11-18T20:23:31.140Z] >>> [apiv2][query] GET https://us.gcr.io/v2/astralis-academy/gcf/us-central1/tags/list [none]
[debug] [2022-11-18T20:23:31.315Z] <<< [apiv2][status] DELETE https://artifactregistry.googleapis.com/v1beta2/projects/astralis-academy/locations/us-central1/repositories/gcf-artifacts/packages/hello_world 404
[debug] [2022-11-18T20:23:31.315Z] <<< [apiv2][body] DELETE https://artifactregistry.googleapis.com/v1beta2/projects/astralis-academy/locations/us-central1/repositories/gcf-artifacts/packages/hello_world {"error":{"code":404,"message":"Package \"projects/astralis-academy/locations/us-central1/repositories/gcf-artifacts/packages/hello_world\" was not found.","status":"NOT_FOUND"}}
[debug] [2022-11-18T20:23:32.156Z] <<< [apiv2][status] GET https://us.gcr.io/v2/astralis-academy/gcf/us-central1/tags/list 200
[debug] [2022-11-18T20:23:32.156Z] <<< [apiv2][body] GET https://us.gcr.io/v2/astralis-academy/gcf/us-central1/tags/list {"child":[],"manifest":{},"name":"astralis-academy/gcf/us-central1","tags":[]}
[debug] [2022-11-18T20:23:32.157Z] Could not find image for function projects/astralis-academy/locations/us-central1/functions/helloWorld
[debug] [2022-11-18T20:23:32.157Z] Functions deploy failed.
[debug] [2022-11-18T20:23:32.157Z] {
  "endpoint": {
    "id": "helloWorld",
    "project": "astralis-academy",
    "region": "us-central1",
    "entryPoint": "helloWorld",
    "platform": "gcfv1",
    "runtime": "nodejs16",
    "httpsTrigger": {},
    "environmentVariables": {
      "FIREBASE_CONFIG": "{\"projectId\":\"astralis-academy\",\"databaseURL\":\"https://astralis-academy-default-rtdb.firebaseio.com\",\"storageBucket\":\"astralis-academy.appspot.com\",\"locationId\":\"us-central\"}",
      "GCLOUD_PROJECT": "astralis-academy",
      "EVENTARC_CLOUD_EVENT_SOURCE": "projects/astralis-academy/locations/us-central1/functions/helloWorld"
    },
    "codebase": "default",
    "targetedByOnly": false,
    "hash": "07fcd708a2b34969cd32bcb169041e563da8d46d",
    "labels": {
      "deployment-tool": "cli-firebase"
    }
  },
  "op": "create",
  "original": {
    "name": "FirebaseError",
    "children": [],
    "context": {
      "function": "projects/astralis-academy/locations/us-central1/functions/helloWorld"
    },
    "exit": 1,
    "message": "Failed to create function projects/astralis-academy/locations/us-central1/functions/helloWorld",
    "original": {
      "name": "FirebaseError",
      "children": [],
      "context": {
        "body": {
          "error": {
            "code": 403,
            "message": "Unable to retrieve the repository metadata for projects/astralis-academy/locations/us-central1/repositories/gcf-artifacts. Ensure that the Cloud Functions service account has 'artifactregistry.repositories.list' and 'artifactregistry.repositories.get' permissions. You can add the permissions by granting the role 'roles/artifactregistry.reader'.",
            "status": "PERMISSION_DENIED"
          }
        },
        "response": {
          "statusCode": 403
        }
      },
      "exit": 1,
      "message": "HTTP Error: 403, Unable to retrieve the repository metadata for projects/astralis-academy/locations/us-central1/repositories/gcf-artifacts. Ensure that the Cloud Functions service account has 'artifactregistry.repositories.list' and 'artifactregistry.repositories.get' permissions. You can add the permissions by granting the role 'roles/artifactregistry.reader'.",
      "status": 403
    },
    "status": 500
  }
}
[debug] [2022-11-18T20:23:32.236Z] Error: Failed to create function helloWorld in region us-central1
    at C:\Users\schei\AppData\Roaming\npm\node_modules\firebase-tools\lib\deploy\functions\release\fabricator.js:41:11
    at runMicrotasks (<anonymous>)
    at processTicksAndRejections (node:internal/process/task_queues:96:5)
    at async Fabricator.createV1Function (C:\Users\schei\AppData\Roaming\npm\node_modules\firebase-tools\lib\deploy\functions\release\fabricator.js:171:32)
    at async Fabricator.createEndpoint (C:\Users\schei\AppData\Roaming\npm\node_modules\firebase-tools\lib\deploy\functions\release\fabricator.js:122:13)
    at async handle (C:\Users\schei\AppData\Roaming\npm\node_modules\firebase-tools\lib\deploy\functions\release\fabricator.js:78:17)
[error] 
[error] Error: There was an error deploying functions
